<?xml version="1.0" encoding="UTF-8"?>
<testsuites name="CURA_Healthcare_Services_LOGIN_001_TestListener" time="55.57" tests="1" failures="0" errors="0">
   <testsuite name="CURA_Healthcare_Services_LOGIN_001_TestListener" tests="1" failures="0" errors="0" time="55.57" skipped="0" timestamp="04-03-2024T12:03:47" hostname="User - DELL-inspiron" id="Test Suites/CURA_Healthcare_Services_LOGIN_001_TestListener">
      <properties>
         <property name="deviceName" value=""/>
         <property name="devicePlatform" value=""/>
         <property name="logFolder" value="C:\\Users\\User\\git\\Katalon_CURA_Healthcare_Services\\Reports\\20240304_120320\\CURA_Healthcare_Services_LOGIN_001_TestListener\\20240304_120320"/>
         <property name="logFiles" value="C:\\Users\\User\\git\\Katalon_CURA_Healthcare_Services\\Reports\\20240304_120320\\CURA_Healthcare_Services_LOGIN_001_TestListener\\20240304_120320\\execution0.log"/>
         <property name="attachments" value=""/>
         <property name="hostName" value="User - DELL-inspiron"/>
         <property name="os" value="Windows 11 64bit"/>
         <property name="katalonVersion" value="9.3.0.212"/>
         <property name="browser" value="Chrome 122.0.0.0"/>
         <property name="hostAddress" value="192.168.238.149"/>
         <property name="sessionId" value="5072d471acd23a552c713026dd588b89"/>
         <property name="seleniumVersion" value="3.141.59"/>
         <property name="proxyInformation" value="ProxyInformation { proxyOption=NO_PROXY, proxyServerType=HTTP, username=, password=********, proxyServerAddress=, proxyServerPort=0, executionList=&quot;&quot;, isApplyToDesiredCapabilities=true }"/>
         <property name="platform" value="Windows 11"/>
      </properties>
      <testcase name="Test Cases/CURA_Healthcare_Services/TC_CHS_LOGIN_001" time="54.928" classname="Test Cases/CURA_Healthcare_Services/TC_CHS_LOGIN_001" status="PASSED">
         <system-out><![CDATA[04-03-2024T12:03:48 - [TEST_CASE][PASSED] - Test Cases/CURA_Healthcare_Services/TC_CHS_LOGIN_001: Test Cases/CURA_Healthcare_Services/TC_CHS_LOGIN_001

04-03-2024T12:03:48 - [TEST_STEP][PASSED] - Start listener action : sampleBeforeTestCase: Navigate to 'https://katalon-demo-cura.herokuapp.com/' successfully

04-03-2024T12:03:48 - [TEST_STEP][PASSED] - openBrowser(""): Browser is opened with url: ''

04-03-2024T12:03:49 - [MESSAGE][INFO] - Starting 'Chrome' driver

04-03-2024T12:03:49 - [MESSAGE][INFO] - Action delay is set to 0 milliseconds

04-03-2024T12:04:01 - [MESSAGE][PASSED] - Browser is opened with url: ''

04-03-2024T12:04:01 - [TEST_STEP][PASSED] - navigateToUrl("https://katalon-demo-cura.herokuapp.com/"): Navigate to 'https://katalon-demo-cura.herokuapp.com/' successfully

04-03-2024T12:04:10 - [MESSAGE][PASSED] - Navigate to 'https://katalon-demo-cura.herokuapp.com/' successfully

04-03-2024T12:04:10 - [TEST_STEP][PASSED] - openBrowser(""): Browser is opened with url: ''

04-03-2024T12:04:10 - [MESSAGE][WARNING] - A browser is already opened. Closing browser and opening a new one

04-03-2024T12:04:11 - [MESSAGE][INFO] - Starting 'Chrome' driver

04-03-2024T12:04:11 - [MESSAGE][INFO] - Action delay is set to 0 milliseconds

04-03-2024T12:04:15 - [MESSAGE][PASSED] - Browser is opened with url: ''

04-03-2024T12:04:15 - [TEST_STEP][PASSED] - navigateToUrl("https://katalon-demo-cura.herokuapp.com/"): Navigate to 'https://katalon-demo-cura.herokuapp.com/' successfully

04-03-2024T12:04:26 - [MESSAGE][PASSED] - Navigate to 'https://katalon-demo-cura.herokuapp.com/' successfully

04-03-2024T12:04:26 - [TEST_STEP][PASSED] - click(findTestObject("Object Repository/CURA Healthcare Services_LOGIN_001_OR/Page_CURA Healthcare Service/a_CURA Healthcare_menu-toggle")): Object: 'Object Repository/CURA Healthcare Services_LOGIN_001_OR/Page_CURA Healthcare Service/a_CURA Healthcare_menu-toggle' is clicked on

04-03-2024T12:04:27 - [MESSAGE][PASSED] - Object: 'Object Repository/CURA Healthcare Services_LOGIN_001_OR/Page_CURA Healthcare Service/a_CURA Healthcare_menu-toggle' is clicked on

04-03-2024T12:04:27 - [TEST_STEP][PASSED] - click(findTestObject("Object Repository/CURA Healthcare Services_LOGIN_001_OR/Page_CURA Healthcare Service/a_Login")): Object: 'Object Repository/CURA Healthcare Services_LOGIN_001_OR/Page_CURA Healthcare Service/a_Login' is clicked on

04-03-2024T12:04:30 - [MESSAGE][PASSED] - Object: 'Object Repository/CURA Healthcare Services_LOGIN_001_OR/Page_CURA Healthcare Service/a_Login' is clicked on

04-03-2024T12:04:30 - [TEST_STEP][PASSED] - setText(findTestObject("Object Repository/CURA Healthcare Services_LOGIN_001_OR/Page_CURA Healthcare Service/input_Username_username"), "John Doe"): Text 'John Doe' is set on object 'Object Repository/CURA Healthcare Services_LOGIN_001_OR/Page_CURA Healthcare Service/input_Username_username'

04-03-2024T12:04:31 - [MESSAGE][PASSED] - Text 'John Doe' is set on object 'Object Repository/CURA Healthcare Services_LOGIN_001_OR/Page_CURA Healthcare Service/input_Username_username'

04-03-2024T12:04:32 - [TEST_STEP][PASSED] - setEncryptedText(findTestObject("Object Repository/CURA Healthcare Services_LOGIN_001_OR/Page_CURA Healthcare Service/input_Password_password"), "g3/DOGG74jC3Flrr3yH+3D/yKbOqqUNM"): Text ****** has been set on object 'Object Repository/CURA Healthcare Services_LOGIN_001_OR/Page_CURA Healthcare Service/input_Password_password'

04-03-2024T12:04:33 - [MESSAGE][PASSED] - Text ****** has been set on object 'Object Repository/CURA Healthcare Services_LOGIN_001_OR/Page_CURA Healthcare Service/input_Password_password'

04-03-2024T12:04:33 - [TEST_STEP][PASSED] - click(findTestObject("Object Repository/CURA Healthcare Services_LOGIN_001_OR/Page_CURA Healthcare Service/button_Login")): Object: 'Object Repository/CURA Healthcare Services_LOGIN_001_OR/Page_CURA Healthcare Service/button_Login' is clicked on

04-03-2024T12:04:35 - [MESSAGE][PASSED] - Object: 'Object Repository/CURA Healthcare Services_LOGIN_001_OR/Page_CURA Healthcare Service/button_Login' is clicked on

04-03-2024T12:04:35 - [TEST_STEP][PASSED] - closeBrowser(): Browser is closed

04-03-2024T12:04:39 - [MESSAGE][PASSED] - Browser is closed

04-03-2024T12:04:39 - [TEST_STEP][PASSED] - Start listener action : sampleAfterTestCase: Browser is opened with url: ''

04-03-2024T12:04:39 - [TEST_STEP][PASSED] - openBrowser(""): Browser is opened with url: ''

04-03-2024T12:04:39 - [MESSAGE][INFO] - Starting 'Chrome' driver

04-03-2024T12:04:39 - [MESSAGE][INFO] - Action delay is set to 0 milliseconds

04-03-2024T12:04:43 - [MESSAGE][PASSED] - Browser is opened with url: '']]></system-out>
         <system-err><![CDATA[]]></system-err>
      </testcase>
      <system-out><![CDATA[04-03-2024T12:03:47 - [TEST_SUITE][PASSED] - CURA_Healthcare_Services_LOGIN_001_TestListener: Test Cases/CURA_Healthcare_Services/TC_CHS_LOGIN_001]]></system-out>
      <system-err><![CDATA[]]></system-err>
   </testsuite>
</testsuites>
