<?xml version="1.0" encoding="UTF-8"?>
<testsuites name="CURA_Healthcare_Services_LOGIN_001_Excel" time="28.859" tests="1" failures="0" errors="0">
   <testsuite name="CURA_Healthcare_Services_LOGIN_001_Excel" tests="1" failures="0" errors="0" time="28.859" skipped="0" timestamp="04-03-2024T11:51:31" hostname="User - DELL-inspiron" id="Test Suites/CURA_Healthcare_Services_LOGIN_001_Excel">
      <properties>
         <property name="deviceName" value=""/>
         <property name="devicePlatform" value=""/>
         <property name="logFolder" value="C:\\Users\\User\\git\\Katalon_CURA_Healthcare_Services\\Reports\\20240304_115120\\CURA_Healthcare_Services_LOGIN_001_Excel\\20240304_115120"/>
         <property name="logFiles" value="C:\\Users\\User\\git\\Katalon_CURA_Healthcare_Services\\Reports\\20240304_115120\\CURA_Healthcare_Services_LOGIN_001_Excel\\20240304_115120\\execution0.log"/>
         <property name="attachments" value=""/>
         <property name="hostName" value="User - DELL-inspiron"/>
         <property name="os" value="Windows 11 64bit"/>
         <property name="katalonVersion" value="9.3.0.212"/>
         <property name="browser" value="Chrome 122.0.0.0"/>
         <property name="hostAddress" value="192.168.238.149"/>
         <property name="sessionId" value="7c3f371e7fbedfbe7173c42d0cafd689"/>
         <property name="seleniumVersion" value="3.141.59"/>
         <property name="proxyInformation" value="ProxyInformation { proxyOption=NO_PROXY, proxyServerType=HTTP, username=, password=********, proxyServerAddress=, proxyServerPort=0, executionList=&quot;&quot;, isApplyToDesiredCapabilities=true }"/>
         <property name="platform" value="Windows 11"/>
      </properties>
      <testcase name="Test Cases/CURA_Healthcare_Services/TC_CHS_LOGIN_001" time="28.373" classname="Test Cases/CURA_Healthcare_Services/TC_CHS_LOGIN_001" status="PASSED">
         <system-out><![CDATA[04-03-2024T11:51:32 - [TEST_CASE][PASSED] - Test Cases/CURA_Healthcare_Services/TC_CHS_LOGIN_001: Test Cases/CURA_Healthcare_Services/TC_CHS_LOGIN_001

04-03-2024T11:51:32 - [TEST_STEP][PASSED] - openBrowser(""): Browser is opened with url: ''

04-03-2024T11:51:33 - [MESSAGE][INFO] - Starting 'Chrome' driver

04-03-2024T11:51:33 - [MESSAGE][INFO] - Action delay is set to 0 milliseconds

04-03-2024T11:51:36 - [MESSAGE][PASSED] - Browser is opened with url: ''

04-03-2024T11:51:36 - [TEST_STEP][PASSED] - navigateToUrl("https://katalon-demo-cura.herokuapp.com/"): Navigate to 'https://katalon-demo-cura.herokuapp.com/' successfully

04-03-2024T11:51:48 - [MESSAGE][PASSED] - Navigate to 'https://katalon-demo-cura.herokuapp.com/' successfully

04-03-2024T11:51:48 - [TEST_STEP][PASSED] - click(findTestObject("Object Repository/CURA Healthcare Services_LOGIN_001_OR/Page_CURA Healthcare Service/a_CURA Healthcare_menu-toggle")): Object: 'Object Repository/CURA Healthcare Services_LOGIN_001_OR/Page_CURA Healthcare Service/a_CURA Healthcare_menu-toggle' is clicked on

04-03-2024T11:51:50 - [MESSAGE][PASSED] - Object: 'Object Repository/CURA Healthcare Services_LOGIN_001_OR/Page_CURA Healthcare Service/a_CURA Healthcare_menu-toggle' is clicked on

04-03-2024T11:51:50 - [TEST_STEP][PASSED] - click(findTestObject("Object Repository/CURA Healthcare Services_LOGIN_001_OR/Page_CURA Healthcare Service/a_Login")): Object: 'Object Repository/CURA Healthcare Services_LOGIN_001_OR/Page_CURA Healthcare Service/a_Login' is clicked on

04-03-2024T11:51:52 - [MESSAGE][PASSED] - Object: 'Object Repository/CURA Healthcare Services_LOGIN_001_OR/Page_CURA Healthcare Service/a_Login' is clicked on

04-03-2024T11:51:52 - [TEST_STEP][PASSED] - setText(findTestObject("Object Repository/CURA Healthcare Services_LOGIN_001_OR/Page_CURA Healthcare Service/input_Username_username"), username): Text 'John Doe' is set on object 'Object Repository/CURA Healthcare Services_LOGIN_001_OR/Page_CURA Healthcare Service/input_Username_username'

04-03-2024T11:51:54 - [MESSAGE][PASSED] - Text 'John Doe' is set on object 'Object Repository/CURA Healthcare Services_LOGIN_001_OR/Page_CURA Healthcare Service/input_Username_username'

04-03-2024T11:51:54 - [TEST_STEP][PASSED] - setText(findTestObject("Object Repository/CURA Healthcare Services_LOGIN_001_OR/Page_CURA Healthcare Service/input_Password_password"), password): Text 'ThisIsNotAPassword' is set on object 'Object Repository/CURA Healthcare Services_LOGIN_001_OR/Page_CURA Healthcare Service/input_Password_password'

04-03-2024T11:51:55 - [MESSAGE][PASSED] - Text 'ThisIsNotAPassword' is set on object 'Object Repository/CURA Healthcare Services_LOGIN_001_OR/Page_CURA Healthcare Service/input_Password_password'

04-03-2024T11:51:55 - [TEST_STEP][PASSED] - click(findTestObject("Object Repository/CURA Healthcare Services_LOGIN_001_OR/Page_CURA Healthcare Service/button_Login")): Object: 'Object Repository/CURA Healthcare Services_LOGIN_001_OR/Page_CURA Healthcare Service/button_Login' is clicked on

04-03-2024T11:51:58 - [MESSAGE][PASSED] - Object: 'Object Repository/CURA Healthcare Services_LOGIN_001_OR/Page_CURA Healthcare Service/button_Login' is clicked on

04-03-2024T11:51:58 - [TEST_STEP][PASSED] - closeBrowser(): Browser is closed

04-03-2024T11:52:00 - [MESSAGE][PASSED] - Browser is closed]]></system-out>
         <system-err><![CDATA[]]></system-err>
      </testcase>
      <system-out><![CDATA[04-03-2024T11:51:31 - [TEST_SUITE][PASSED] - CURA_Healthcare_Services_LOGIN_001_Excel: Test Cases/CURA_Healthcare_Services/TC_CHS_LOGIN_001]]></system-out>
      <system-err><![CDATA[]]></system-err>
   </testsuite>
</testsuites>
