<?xml version="1.0" encoding="UTF-8"?>
<testsuites name="CURA_Healthcare_Services_History_003_TestSuite" time="62.453" tests="1" failures="0" errors="0">
   <testsuite name="CURA_Healthcare_Services_History_003_TestSuite" tests="1" failures="0" errors="0" time="62.453" skipped="0" timestamp="04-03-2024T12:27:14" hostname="User - DELL-inspiron" id="Test Suites/CURA_Healthcare_Services_TestSuite 1/CURA_Healthcare_Services_History_003_TestSuite">
      <properties>
         <property name="deviceName" value=""/>
         <property name="devicePlatform" value=""/>
         <property name="logFolder" value="C:\\Users\\User\\git\\Katalon_CURA_Healthcare_Services\\Reports\\20240304_122658\\CURA_Healthcare_Services_TestSuite 1\\CURA_Healthcare_Services_History_003_TestSuite\\20240304_122659"/>
         <property name="logFiles" value="C:\\Users\\User\\git\\Katalon_CURA_Healthcare_Services\\Reports\\20240304_122658\\CURA_Healthcare_Services_TestSuite 1\\CURA_Healthcare_Services_History_003_TestSuite\\20240304_122659\\execution0.log"/>
         <property name="attachments" value=""/>
         <property name="hostName" value="User - DELL-inspiron"/>
         <property name="os" value="Windows 11 64bit"/>
         <property name="katalonVersion" value="9.3.0.212"/>
         <property name="browser" value="Chrome 122.0.0.0"/>
         <property name="hostAddress" value="192.168.238.149"/>
         <property name="sessionId" value="bdf693af0a4fba7e26a0a2e0e11ae591"/>
         <property name="seleniumVersion" value="3.141.59"/>
         <property name="proxyInformation" value="ProxyInformation { proxyOption=NO_PROXY, proxyServerType=HTTP, username=, password=********, proxyServerAddress=, proxyServerPort=0, executionList=&quot;&quot;, isApplyToDesiredCapabilities=true }"/>
         <property name="platform" value="Windows 11"/>
      </properties>
      <testcase name="Test Cases/CURA_Healthcare_Services/TC_CHS_History_003" time="61.762" classname="Test Cases/CURA_Healthcare_Services/TC_CHS_History_003" status="PASSED">
         <system-out><![CDATA[04-03-2024T12:27:14 - [TEST_CASE][PASSED] - Test Cases/CURA_Healthcare_Services/TC_CHS_History_003: Test Cases/CURA_Healthcare_Services/TC_CHS_History_003

04-03-2024T12:27:15 - [TEST_STEP][PASSED] - Start listener action : sampleBeforeTestCase: null

04-03-2024T12:27:15 - [TEST_STEP][PASSED] - openBrowser(""): Browser is opened with url: ''

04-03-2024T12:27:15 - [MESSAGE][INFO] - Starting 'Chrome' driver

04-03-2024T12:27:15 - [MESSAGE][INFO] - Action delay is set to 0 milliseconds

04-03-2024T12:27:31 - [MESSAGE][PASSED] - Browser is opened with url: ''

04-03-2024T12:27:31 - [TEST_STEP][PASSED] - navigateToUrl("https://katalon-demo-cura.herokuapp.com/"): Navigate to 'https://katalon-demo-cura.herokuapp.com/' successfully

04-03-2024T12:27:35 - [MESSAGE][PASSED] - Navigate to 'https://katalon-demo-cura.herokuapp.com/' successfully

04-03-2024T12:27:35 - [TEST_STEP][PASSED] - click(findTestObject("Object Repository/CURA Healthcare Services_History_003_OR/Page_CURA Healthcare Service/a_CURA Healthcare_menu-toggle")): Object: 'Object Repository/CURA Healthcare Services_History_003_OR/Page_CURA Healthcare Service/a_CURA Healthcare_menu-toggle' is clicked on

04-03-2024T12:27:44 - [MESSAGE][PASSED] - Object: 'Object Repository/CURA Healthcare Services_History_003_OR/Page_CURA Healthcare Service/a_CURA Healthcare_menu-toggle' is clicked on

04-03-2024T12:27:44 - [TEST_STEP][PASSED] - click(findTestObject("Object Repository/CURA Healthcare Services_History_003_OR/Page_CURA Healthcare Service/a_Login")): Object: 'Object Repository/CURA Healthcare Services_History_003_OR/Page_CURA Healthcare Service/a_Login' is clicked on

04-03-2024T12:27:46 - [MESSAGE][PASSED] - Object: 'Object Repository/CURA Healthcare Services_History_003_OR/Page_CURA Healthcare Service/a_Login' is clicked on

04-03-2024T12:27:46 - [TEST_STEP][PASSED] - setText(findTestObject("Object Repository/CURA Healthcare Services_History_003_OR/Page_CURA Healthcare Service/input_Username_username"), "John Doe"): Text 'John Doe' is set on object 'Object Repository/CURA Healthcare Services_History_003_OR/Page_CURA Healthcare Service/input_Username_username'

04-03-2024T12:27:48 - [MESSAGE][PASSED] - Text 'John Doe' is set on object 'Object Repository/CURA Healthcare Services_History_003_OR/Page_CURA Healthcare Service/input_Username_username'

04-03-2024T12:27:48 - [TEST_STEP][PASSED] - setEncryptedText(findTestObject("Object Repository/CURA Healthcare Services_History_003_OR/Page_CURA Healthcare Service/input_Password_password"), "g3/DOGG74jC3Flrr3yH+3D/yKbOqqUNM"): Text ****** has been set on object 'Object Repository/CURA Healthcare Services_History_003_OR/Page_CURA Healthcare Service/input_Password_password'

04-03-2024T12:27:49 - [MESSAGE][PASSED] - Text ****** has been set on object 'Object Repository/CURA Healthcare Services_History_003_OR/Page_CURA Healthcare Service/input_Password_password'

04-03-2024T12:27:49 - [TEST_STEP][PASSED] - click(findTestObject("Object Repository/CURA Healthcare Services_History_003_OR/Page_CURA Healthcare Service/button_Login")): Object: 'Object Repository/CURA Healthcare Services_History_003_OR/Page_CURA Healthcare Service/button_Login' is clicked on

04-03-2024T12:27:52 - [MESSAGE][PASSED] - Object: 'Object Repository/CURA Healthcare Services_History_003_OR/Page_CURA Healthcare Service/button_Login' is clicked on

04-03-2024T12:27:52 - [TEST_STEP][PASSED] - selectOptionByValue(findTestObject("Object Repository/CURA Healthcare Services_History_003_OR/Page_CURA Healthcare Service/select_Tokyo CURA Healthcare Center        _5b4107"), "Hongkong CURA Healthcare Center", true): All options with value 'Hongkong CURA Healthcare Center' are selected in object 'Object Repository/CURA Healthcare Services_History_003_OR/Page_CURA Healthcare Service/select_Tokyo CURA Healthcare Center        _5b4107'  using regular expression

04-03-2024T12:27:54 - [MESSAGE][PASSED] - All options with value 'Hongkong CURA Healthcare Center' are selected in object 'Object Repository/CURA Healthcare Services_History_003_OR/Page_CURA Healthcare Service/select_Tokyo CURA Healthcare Center        _5b4107'  using regular expression

04-03-2024T12:27:54 - [TEST_STEP][PASSED] - click(findTestObject("Object Repository/CURA Healthcare Services_History_003_OR/Page_CURA Healthcare Service/label_Apply for hospital readmission")): Object: 'Object Repository/CURA Healthcare Services_History_003_OR/Page_CURA Healthcare Service/label_Apply for hospital readmission' is clicked on

04-03-2024T12:27:54 - [MESSAGE][PASSED] - Object: 'Object Repository/CURA Healthcare Services_History_003_OR/Page_CURA Healthcare Service/label_Apply for hospital readmission' is clicked on

04-03-2024T12:27:54 - [TEST_STEP][PASSED] - click(findTestObject("Object Repository/CURA Healthcare Services_History_003_OR/Page_CURA Healthcare Service/label_Medicaid")): Object: 'Object Repository/CURA Healthcare Services_History_003_OR/Page_CURA Healthcare Service/label_Medicaid' is clicked on

04-03-2024T12:27:55 - [MESSAGE][PASSED] - Object: 'Object Repository/CURA Healthcare Services_History_003_OR/Page_CURA Healthcare Service/label_Medicaid' is clicked on

04-03-2024T12:27:55 - [TEST_STEP][PASSED] - click(findTestObject("Object Repository/CURA Healthcare Services_History_003_OR/Page_CURA Healthcare Service/div_Visit Date (Required)_input-group-addon")): Object: 'Object Repository/CURA Healthcare Services_History_003_OR/Page_CURA Healthcare Service/div_Visit Date (Required)_input-group-addon' is clicked on

04-03-2024T12:27:56 - [MESSAGE][PASSED] - Object: 'Object Repository/CURA Healthcare Services_History_003_OR/Page_CURA Healthcare Service/div_Visit Date (Required)_input-group-addon' is clicked on

04-03-2024T12:27:56 - [TEST_STEP][PASSED] - click(findTestObject("Object Repository/CURA Healthcare Services_History_003_OR/Page_CURA Healthcare Service/td_27")): Object: 'Object Repository/CURA Healthcare Services_History_003_OR/Page_CURA Healthcare Service/td_27' is clicked on

04-03-2024T12:27:57 - [MESSAGE][PASSED] - Object: 'Object Repository/CURA Healthcare Services_History_003_OR/Page_CURA Healthcare Service/td_27' is clicked on

04-03-2024T12:27:57 - [TEST_STEP][PASSED] - setText(findTestObject("Object Repository/CURA Healthcare Services_History_003_OR/Page_CURA Healthcare Service/textarea_Comment_comment"), "FOR Medical Checkup"): Text 'FOR Medical Checkup' is set on object 'Object Repository/CURA Healthcare Services_History_003_OR/Page_CURA Healthcare Service/textarea_Comment_comment'

04-03-2024T12:27:58 - [MESSAGE][PASSED] - Text 'FOR Medical Checkup' is set on object 'Object Repository/CURA Healthcare Services_History_003_OR/Page_CURA Healthcare Service/textarea_Comment_comment'

04-03-2024T12:27:58 - [TEST_STEP][PASSED] - click(findTestObject("Object Repository/CURA Healthcare Services_History_003_OR/Page_CURA Healthcare Service/button_Book Appointment")): Object: 'Object Repository/CURA Healthcare Services_History_003_OR/Page_CURA Healthcare Service/button_Book Appointment' is clicked on

04-03-2024T12:28:00 - [MESSAGE][PASSED] - Object: 'Object Repository/CURA Healthcare Services_History_003_OR/Page_CURA Healthcare Service/button_Book Appointment' is clicked on

04-03-2024T12:28:00 - [TEST_STEP][PASSED] - click(findTestObject("Object Repository/CURA Healthcare Services_History_003_OR/Page_CURA Healthcare Service/a_CURA Healthcare_menu-toggle")): Object: 'Object Repository/CURA Healthcare Services_History_003_OR/Page_CURA Healthcare Service/a_CURA Healthcare_menu-toggle' is clicked on

04-03-2024T12:28:00 - [MESSAGE][PASSED] - Object: 'Object Repository/CURA Healthcare Services_History_003_OR/Page_CURA Healthcare Service/a_CURA Healthcare_menu-toggle' is clicked on

04-03-2024T12:28:00 - [TEST_STEP][PASSED] - click(findTestObject("Object Repository/CURA Healthcare Services_History_003_OR/Page_CURA Healthcare Service/a_History")): Object: 'Object Repository/CURA Healthcare Services_History_003_OR/Page_CURA Healthcare Service/a_History' is clicked on

04-03-2024T12:28:02 - [MESSAGE][PASSED] - Object: 'Object Repository/CURA Healthcare Services_History_003_OR/Page_CURA Healthcare Service/a_History' is clicked on

04-03-2024T12:28:02 - [TEST_STEP][PASSED] - click(findTestObject("Object Repository/CURA Healthcare Services_History_003_OR/Page_CURA Healthcare Service/a_Go to Homepage")): Object: 'Object Repository/CURA Healthcare Services_History_003_OR/Page_CURA Healthcare Service/a_Go to Homepage' is clicked on

04-03-2024T12:28:04 - [MESSAGE][PASSED] - Object: 'Object Repository/CURA Healthcare Services_History_003_OR/Page_CURA Healthcare Service/a_Go to Homepage' is clicked on

04-03-2024T12:28:04 - [TEST_STEP][PASSED] - closeBrowser(): Browser is closed

04-03-2024T12:28:16 - [MESSAGE][PASSED] - Browser is closed

04-03-2024T12:28:16 - [TEST_STEP][PASSED] - Start listener action : sampleAfterTestCase: null]]></system-out>
         <system-err><![CDATA[]]></system-err>
      </testcase>
      <system-out><![CDATA[04-03-2024T12:27:14 - [TEST_SUITE][PASSED] - CURA_Healthcare_Services_History_003_TestSuite: Test Cases/CURA_Healthcare_Services/TC_CHS_History_003]]></system-out>
      <system-err><![CDATA[]]></system-err>
   </testsuite>
</testsuites>
