<?xml version="1.0" encoding="UTF-8"?>
<testsuites name="CURA_Healthcare_Services_LOGIN_001_TestSuiteCollection" time="161.568" tests="1" failures="0" errors="0">
   <testsuite name="CURA_Healthcare_Services_LOGIN_001_TestSuite" tests="1" failures="0" errors="0" time="119.062" skipped="0" timestamp="04-03-2024T12:19:25" hostname="User - DELL-inspiron" id="Test Suites/CURA_Healthcare_Services_TestSuite/CURA_Healthcare_Services_LOGIN_001_TestSuite">
      <properties>
         <property name="deviceName" value=""/>
         <property name="devicePlatform" value=""/>
         <property name="logFolder" value="C:\\Users\\User\\git\\Katalon_CURA_Healthcare_Services\\Reports\\20240304_121853\\CURA_Healthcare_Services_TestSuite\\CURA_Healthcare_Services_LOGIN_001_TestSuite\\20240304_121857"/>
         <property name="logFiles" value="C:\\Users\\User\\git\\Katalon_CURA_Healthcare_Services\\Reports\\20240304_121853\\CURA_Healthcare_Services_TestSuite\\CURA_Healthcare_Services_LOGIN_001_TestSuite\\20240304_121857\\execution0.log"/>
         <property name="attachments" value=""/>
         <property name="hostName" value="User - DELL-inspiron"/>
         <property name="os" value="Windows 11 64bit"/>
         <property name="katalonVersion" value="9.3.0.212"/>
         <property name="browser" value="Chrome 122.0.0.0"/>
         <property name="hostAddress" value="192.168.238.149"/>
         <property name="sessionId" value="4736286d402b4acd85bbd7e932ed5b16"/>
         <property name="seleniumVersion" value="3.141.59"/>
         <property name="proxyInformation" value="ProxyInformation { proxyOption=NO_PROXY, proxyServerType=HTTP, username=, password=********, proxyServerAddress=, proxyServerPort=0, executionList=&quot;&quot;, isApplyToDesiredCapabilities=true }"/>
         <property name="platform" value="Windows 11"/>
      </properties>
      <testcase name="Test Cases/CURA_Healthcare_Services/TC_CHS_LOGIN_001" time="118.023" classname="Test Cases/CURA_Healthcare_Services/TC_CHS_LOGIN_001" status="PASSED">
         <system-out><![CDATA[04-03-2024T12:19:26 - [TEST_CASE][PASSED] - Test Cases/CURA_Healthcare_Services/TC_CHS_LOGIN_001: Test Cases/CURA_Healthcare_Services/TC_CHS_LOGIN_001

04-03-2024T12:19:26 - [TEST_STEP][PASSED] - Start listener action : sampleBeforeTestCase: null

04-03-2024T12:19:26 - [TEST_STEP][PASSED] - openBrowser(""): Browser is opened with url: ''

04-03-2024T12:19:29 - [MESSAGE][INFO] - Starting 'Chrome' driver

04-03-2024T12:19:30 - [MESSAGE][INFO] - Action delay is set to 0 milliseconds

04-03-2024T12:20:27 - [MESSAGE][PASSED] - Browser is opened with url: ''

04-03-2024T12:20:27 - [TEST_STEP][PASSED] - navigateToUrl("https://katalon-demo-cura.herokuapp.com/"): Navigate to 'https://katalon-demo-cura.herokuapp.com/' successfully

04-03-2024T12:21:02 - [MESSAGE][PASSED] - Navigate to 'https://katalon-demo-cura.herokuapp.com/' successfully

04-03-2024T12:21:02 - [TEST_STEP][PASSED] - click(findTestObject("Object Repository/CURA Healthcare Services_LOGIN_001_OR/Page_CURA Healthcare Service/a_CURA Healthcare_menu-toggle")): Object: 'Object Repository/CURA Healthcare Services_LOGIN_001_OR/Page_CURA Healthcare Service/a_CURA Healthcare_menu-toggle' is clicked on

04-03-2024T12:21:08 - [MESSAGE][PASSED] - Object: 'Object Repository/CURA Healthcare Services_LOGIN_001_OR/Page_CURA Healthcare Service/a_CURA Healthcare_menu-toggle' is clicked on

04-03-2024T12:21:08 - [TEST_STEP][PASSED] - click(findTestObject("Object Repository/CURA Healthcare Services_LOGIN_001_OR/Page_CURA Healthcare Service/a_Login")): Object: 'Object Repository/CURA Healthcare Services_LOGIN_001_OR/Page_CURA Healthcare Service/a_Login' is clicked on

04-03-2024T12:21:12 - [MESSAGE][PASSED] - Object: 'Object Repository/CURA Healthcare Services_LOGIN_001_OR/Page_CURA Healthcare Service/a_Login' is clicked on

04-03-2024T12:21:12 - [TEST_STEP][PASSED] - setText(findTestObject("Object Repository/CURA Healthcare Services_LOGIN_001_OR/Page_CURA Healthcare Service/input_Username_username"), "John Doe"): Text 'John Doe' is set on object 'Object Repository/CURA Healthcare Services_LOGIN_001_OR/Page_CURA Healthcare Service/input_Username_username'

04-03-2024T12:21:14 - [MESSAGE][PASSED] - Text 'John Doe' is set on object 'Object Repository/CURA Healthcare Services_LOGIN_001_OR/Page_CURA Healthcare Service/input_Username_username'

04-03-2024T12:21:14 - [TEST_STEP][PASSED] - setEncryptedText(findTestObject("Object Repository/CURA Healthcare Services_LOGIN_001_OR/Page_CURA Healthcare Service/input_Password_password"), "g3/DOGG74jC3Flrr3yH+3D/yKbOqqUNM"): Text ****** has been set on object 'Object Repository/CURA Healthcare Services_LOGIN_001_OR/Page_CURA Healthcare Service/input_Password_password'

04-03-2024T12:21:15 - [MESSAGE][PASSED] - Text ****** has been set on object 'Object Repository/CURA Healthcare Services_LOGIN_001_OR/Page_CURA Healthcare Service/input_Password_password'

04-03-2024T12:21:15 - [TEST_STEP][PASSED] - click(findTestObject("Object Repository/CURA Healthcare Services_LOGIN_001_OR/Page_CURA Healthcare Service/button_Login")): Object: 'Object Repository/CURA Healthcare Services_LOGIN_001_OR/Page_CURA Healthcare Service/button_Login' is clicked on

04-03-2024T12:21:18 - [MESSAGE][PASSED] - Object: 'Object Repository/CURA Healthcare Services_LOGIN_001_OR/Page_CURA Healthcare Service/button_Login' is clicked on

04-03-2024T12:21:18 - [TEST_STEP][PASSED] - closeBrowser(): Browser is closed

04-03-2024T12:21:24 - [MESSAGE][PASSED] - Browser is closed

04-03-2024T12:21:24 - [TEST_STEP][PASSED] - Start listener action : sampleAfterTestCase: null]]></system-out>
         <system-err><![CDATA[]]></system-err>
      </testcase>
      <system-out><![CDATA[04-03-2024T12:19:25 - [TEST_SUITE][PASSED] - CURA_Healthcare_Services_LOGIN_001_TestSuite: Test Cases/CURA_Healthcare_Services/TC_CHS_LOGIN_001]]></system-out>
      <system-err><![CDATA[]]></system-err>
   </testsuite>
</testsuites>
