<?xml version="1.0" encoding="UTF-8"?>
<testsuites name="CURA_Healthcare_Services_Make_Appointment_002_TestSuite" time="51.25" tests="1" failures="0" errors="0">
   <testsuite name="CURA_Healthcare_Services_Make_Appointment_002_TestSuite" tests="1" failures="0" errors="0" time="51.25" skipped="0" timestamp="04-03-2024T12:22:41" hostname="User - DELL-inspiron" id="Test Suites/CURA_Healthcare_Services_TestSuite/CURA_Healthcare_Services_Make_Appointment_002_TestSuite">
      <properties>
         <property name="deviceName" value=""/>
         <property name="devicePlatform" value=""/>
         <property name="logFolder" value="C:\\Users\\User\\git\\Katalon_CURA_Healthcare_Services\\Reports\\20240304_122217\\CURA_Healthcare_Services_TestSuite\\CURA_Healthcare_Services_Make_Appointment_002_TestSuite\\20240304_122220"/>
         <property name="logFiles" value="C:\\Users\\User\\git\\Katalon_CURA_Healthcare_Services\\Reports\\20240304_122217\\CURA_Healthcare_Services_TestSuite\\CURA_Healthcare_Services_Make_Appointment_002_TestSuite\\20240304_122220\\execution0.log"/>
         <property name="attachments" value=""/>
         <property name="hostName" value="User - DELL-inspiron"/>
         <property name="os" value="Windows 11 64bit"/>
         <property name="katalonVersion" value="9.3.0.212"/>
         <property name="browser" value="Chrome 122.0.0.0"/>
         <property name="hostAddress" value="192.168.238.149"/>
         <property name="sessionId" value="74c2ad6b2cf8f8da6bc0922d0a5dcf17"/>
         <property name="seleniumVersion" value="3.141.59"/>
         <property name="proxyInformation" value="ProxyInformation { proxyOption=NO_PROXY, proxyServerType=HTTP, username=, password=********, proxyServerAddress=, proxyServerPort=0, executionList=&quot;&quot;, isApplyToDesiredCapabilities=true }"/>
         <property name="platform" value="Windows 11"/>
      </properties>
      <testcase name="Test Cases/CURA_Healthcare_Services/TC_CHS_Make_Appointment_002" time="50.094" classname="Test Cases/CURA_Healthcare_Services/TC_CHS_Make_Appointment_002" status="PASSED">
         <system-out><![CDATA[04-03-2024T12:22:42 - [TEST_CASE][PASSED] - Test Cases/CURA_Healthcare_Services/TC_CHS_Make_Appointment_002: Test Cases/CURA_Healthcare_Services/TC_CHS_Make_Appointment_002

04-03-2024T12:22:43 - [TEST_STEP][PASSED] - Start listener action : sampleBeforeTestCase: null

04-03-2024T12:22:43 - [TEST_STEP][PASSED] - openBrowser(""): Browser is opened with url: ''

04-03-2024T12:22:44 - [MESSAGE][INFO] - Starting 'Chrome' driver

04-03-2024T12:22:44 - [MESSAGE][INFO] - Action delay is set to 0 milliseconds

04-03-2024T12:22:50 - [MESSAGE][PASSED] - Browser is opened with url: ''

04-03-2024T12:22:50 - [TEST_STEP][PASSED] - navigateToUrl("https://katalon-demo-cura.herokuapp.com/"): Navigate to 'https://katalon-demo-cura.herokuapp.com/' successfully

04-03-2024T12:23:04 - [MESSAGE][PASSED] - Navigate to 'https://katalon-demo-cura.herokuapp.com/' successfully

04-03-2024T12:23:04 - [TEST_STEP][PASSED] - click(findTestObject("Object Repository/CURA Healthcare Services_Make_Appointment_002_OR/Page_CURA Healthcare Service/a_Make Appointment")): Object: 'Object Repository/CURA Healthcare Services_Make_Appointment_002_OR/Page_CURA Healthcare Service/a_Make Appointment' is clicked on

04-03-2024T12:23:11 - [MESSAGE][PASSED] - Object: 'Object Repository/CURA Healthcare Services_Make_Appointment_002_OR/Page_CURA Healthcare Service/a_Make Appointment' is clicked on

04-03-2024T12:23:11 - [TEST_STEP][PASSED] - setText(findTestObject("Object Repository/CURA Healthcare Services_Make_Appointment_002_OR/Page_CURA Healthcare Service/input_Username_username"), "John Doe"): Text 'John Doe' is set on object 'Object Repository/CURA Healthcare Services_Make_Appointment_002_OR/Page_CURA Healthcare Service/input_Username_username'

04-03-2024T12:23:18 - [MESSAGE][PASSED] - Text 'John Doe' is set on object 'Object Repository/CURA Healthcare Services_Make_Appointment_002_OR/Page_CURA Healthcare Service/input_Username_username'

04-03-2024T12:23:18 - [TEST_STEP][PASSED] - setEncryptedText(findTestObject("Object Repository/CURA Healthcare Services_Make_Appointment_002_OR/Page_CURA Healthcare Service/input_Password_password"), "g3/DOGG74jC3Flrr3yH+3D/yKbOqqUNM"): Text ****** has been set on object 'Object Repository/CURA Healthcare Services_Make_Appointment_002_OR/Page_CURA Healthcare Service/input_Password_password'

04-03-2024T12:23:19 - [MESSAGE][PASSED] - Text ****** has been set on object 'Object Repository/CURA Healthcare Services_Make_Appointment_002_OR/Page_CURA Healthcare Service/input_Password_password'

04-03-2024T12:23:19 - [TEST_STEP][PASSED] - click(findTestObject("Object Repository/CURA Healthcare Services_Make_Appointment_002_OR/Page_CURA Healthcare Service/button_Login")): Object: 'Object Repository/CURA Healthcare Services_Make_Appointment_002_OR/Page_CURA Healthcare Service/button_Login' is clicked on

04-03-2024T12:23:24 - [MESSAGE][PASSED] - Object: 'Object Repository/CURA Healthcare Services_Make_Appointment_002_OR/Page_CURA Healthcare Service/button_Login' is clicked on

04-03-2024T12:23:24 - [TEST_STEP][PASSED] - selectOptionByValue(findTestObject("Object Repository/CURA Healthcare Services_Make_Appointment_002_OR/Page_CURA Healthcare Service/select_Tokyo CURA Healthcare Center        _5b4107"), "Hongkong CURA Healthcare Center", true): All options with value 'Hongkong CURA Healthcare Center' are selected in object 'Object Repository/CURA Healthcare Services_Make_Appointment_002_OR/Page_CURA Healthcare Service/select_Tokyo CURA Healthcare Center        _5b4107'  using regular expression

04-03-2024T12:23:25 - [MESSAGE][PASSED] - All options with value 'Hongkong CURA Healthcare Center' are selected in object 'Object Repository/CURA Healthcare Services_Make_Appointment_002_OR/Page_CURA Healthcare Service/select_Tokyo CURA Healthcare Center        _5b4107'  using regular expression

04-03-2024T12:23:25 - [TEST_STEP][PASSED] - click(findTestObject("Object Repository/CURA Healthcare Services_Make_Appointment_002_OR/Page_CURA Healthcare Service/input_Apply for hospital readmission_hospit_63901f")): Object: 'Object Repository/CURA Healthcare Services_Make_Appointment_002_OR/Page_CURA Healthcare Service/input_Apply for hospital readmission_hospit_63901f' is clicked on

04-03-2024T12:23:26 - [MESSAGE][PASSED] - Object: 'Object Repository/CURA Healthcare Services_Make_Appointment_002_OR/Page_CURA Healthcare Service/input_Apply for hospital readmission_hospit_63901f' is clicked on

04-03-2024T12:23:26 - [TEST_STEP][PASSED] - click(findTestObject("Object Repository/CURA Healthcare Services_Make_Appointment_002_OR/Page_CURA Healthcare Service/label_Medicaid")): Object: 'Object Repository/CURA Healthcare Services_Make_Appointment_002_OR/Page_CURA Healthcare Service/label_Medicaid' is clicked on

04-03-2024T12:23:27 - [MESSAGE][PASSED] - Object: 'Object Repository/CURA Healthcare Services_Make_Appointment_002_OR/Page_CURA Healthcare Service/label_Medicaid' is clicked on

04-03-2024T12:23:27 - [TEST_STEP][PASSED] - click(findTestObject("Object Repository/CURA Healthcare Services_Make_Appointment_002_OR/Page_CURA Healthcare Service/span_Visit Date (Required)_glyphicon glyphi_cada34")): Object: 'Object Repository/CURA Healthcare Services_Make_Appointment_002_OR/Page_CURA Healthcare Service/span_Visit Date (Required)_glyphicon glyphi_cada34' is clicked on

04-03-2024T12:23:28 - [MESSAGE][PASSED] - Object: 'Object Repository/CURA Healthcare Services_Make_Appointment_002_OR/Page_CURA Healthcare Service/span_Visit Date (Required)_glyphicon glyphi_cada34' is clicked on

04-03-2024T12:23:28 - [TEST_STEP][PASSED] - click(findTestObject("Object Repository/CURA Healthcare Services_Make_Appointment_002_OR/Page_CURA Healthcare Service/td_27")): Object: 'Object Repository/CURA Healthcare Services_Make_Appointment_002_OR/Page_CURA Healthcare Service/td_27' is clicked on

04-03-2024T12:23:29 - [MESSAGE][PASSED] - Object: 'Object Repository/CURA Healthcare Services_Make_Appointment_002_OR/Page_CURA Healthcare Service/td_27' is clicked on

04-03-2024T12:23:29 - [TEST_STEP][PASSED] - setText(findTestObject("Object Repository/CURA Healthcare Services_Make_Appointment_002_OR/Page_CURA Healthcare Service/textarea_Comment_comment"), "FOR Medical Checkup"): Text 'FOR Medical Checkup' is set on object 'Object Repository/CURA Healthcare Services_Make_Appointment_002_OR/Page_CURA Healthcare Service/textarea_Comment_comment'

04-03-2024T12:23:30 - [MESSAGE][PASSED] - Text 'FOR Medical Checkup' is set on object 'Object Repository/CURA Healthcare Services_Make_Appointment_002_OR/Page_CURA Healthcare Service/textarea_Comment_comment'

04-03-2024T12:23:30 - [TEST_STEP][PASSED] - click(findTestObject("Object Repository/CURA Healthcare Services_Make_Appointment_002_OR/Page_CURA Healthcare Service/button_Book Appointment")): Object: 'Object Repository/CURA Healthcare Services_Make_Appointment_002_OR/Page_CURA Healthcare Service/button_Book Appointment' is clicked on

04-03-2024T12:23:32 - [MESSAGE][PASSED] - Object: 'Object Repository/CURA Healthcare Services_Make_Appointment_002_OR/Page_CURA Healthcare Service/button_Book Appointment' is clicked on

04-03-2024T12:23:32 - [TEST_STEP][PASSED] - Start listener action : sampleAfterTestCase: null]]></system-out>
         <system-err><![CDATA[]]></system-err>
      </testcase>
      <system-out><![CDATA[04-03-2024T12:22:41 - [TEST_SUITE][PASSED] - CURA_Healthcare_Services_Make_Appointment_002_TestSuite: Test Cases/CURA_Healthcare_Services/TC_CHS_Make_Appointment_002]]></system-out>
      <system-err><![CDATA[]]></system-err>
   </testsuite>
</testsuites>
